2020-08-25 08:45:07,953 INFO org.springframework.boot.StartupInfoLogger [main] Starting MedreportApplication on DESKTOP-9AA1KRO with PID 14100 (C:\Users\Aymeric NEUMANN\Desktop\Groupe Mutuel\ReportManager\target\classes started by Aymeric NEUMANN in C:\Users\Aymeric NEUMANN\Desktop\Groupe Mutuel\ReportManager)
2020-08-25 08:45:07,955 DEBUG org.springframework.boot.StartupInfoLogger [main] Running with Spring Boot v2.3.3.RELEASE, Spring v5.2.8.RELEASE
2020-08-25 08:45:07,956 INFO org.springframework.boot.SpringApplication [main] No active profile set, falling back to default profiles: default
2020-08-25 08:45:12,068 INFO org.springframework.boot.StartupInfoLogger [main] Started MedreportApplication in 4.34 seconds (JVM running for 4.988)
2020-08-25 08:45:34,388 DEBUG com.aymeric.medreport.controller.ReportController [http-nio-8080-exec-2] Getting report with the id: 5
2020-08-25 08:45:41,440 DEBUG com.aymeric.medreport.controller.CustomerController [http-nio-8080-exec-3] Getting customer with the id: 3
2020-08-25 08:45:41,471 DEBUG com.aymeric.medreport.service.CustomerService [http-nio-8080-exec-3] Customer found: Customer [customerNumber=3, lastName=Dupont, firstName=Pierre, dateOfBirth=1984-05-27, address=[com.aymeric.medreport.model.Address@a14fe52], reports=[com.aymeric.medreport.model.Report@33243d36]]
2020-08-25 08:45:41,487 DEBUG com.aymeric.medreport.utils.CacheEventLogger [Ehcache [_default_]-0] Cache key: 3, Cache old value null, Cache new value Customer [customerNumber=3, lastName=Dupont, firstName=Pierre, dateOfBirth=1984-05-27, address=[com.aymeric.medreport.model.Address@a14fe52], reports=[com.aymeric.medreport.model.Report@33243d36]]
2020-08-25 08:45:56,195 DEBUG com.aymeric.medreport.controller.CustomerController [http-nio-8080-exec-4] Getting customer with the last name as: dup
2020-08-25 08:57:17,440 INFO org.springframework.boot.StartupInfoLogger [main] Starting MedreportApplication on DESKTOP-9AA1KRO with PID 9956 (C:\Users\Aymeric NEUMANN\Desktop\Groupe Mutuel\ReportManager\target\classes started by Aymeric NEUMANN in C:\Users\Aymeric NEUMANN\Desktop\Groupe Mutuel\ReportManager)
2020-08-25 08:57:17,441 DEBUG org.springframework.boot.StartupInfoLogger [main] Running with Spring Boot v2.3.3.RELEASE, Spring v5.2.8.RELEASE
2020-08-25 08:57:17,441 INFO org.springframework.boot.SpringApplication [main] No active profile set, falling back to default profiles: default
2020-08-25 08:57:20,998 INFO org.springframework.boot.StartupInfoLogger [main] Started MedreportApplication in 3.768 seconds (JVM running for 4.39)
2020-08-25 08:57:28,994 DEBUG com.aymeric.medreport.controller.CustomerController [http-nio-8080-exec-2] Getting customer with the last name as: dup
2020-08-25 08:57:29,143 DEBUG com.aymeric.medreport.utils.CacheEventLogger [Ehcache [_default_]-0] Cache key: dup-0, Cache old value null, Cache new value Page 1 of 1 containing com.aymeric.medreport.model.Customer instances
2020-08-25 09:11:39,231 INFO org.springframework.boot.StartupInfoLogger [main] Starting MedreportApplication on DESKTOP-9AA1KRO with PID 14576 (C:\Users\Aymeric NEUMANN\Desktop\Groupe Mutuel\ReportManager\target\classes started by Aymeric NEUMANN in C:\Users\Aymeric NEUMANN\Desktop\Groupe Mutuel\ReportManager)
2020-08-25 09:11:39,232 DEBUG org.springframework.boot.StartupInfoLogger [main] Running with Spring Boot v2.3.3.RELEASE, Spring v5.2.8.RELEASE
2020-08-25 09:11:39,232 INFO org.springframework.boot.SpringApplication [main] No active profile set, falling back to default profiles: default
2020-08-25 09:11:42,841 INFO org.springframework.boot.StartupInfoLogger [main] Started MedreportApplication in 3.822 seconds (JVM running for 4.456)
2020-08-25 09:11:46,001 DEBUG com.aymeric.medreport.controller.CustomerController [http-nio-8080-exec-2] Getting customer with the last name as: dup
2020-08-25 09:11:46,169 DEBUG com.aymeric.medreport.utils.CacheEventLogger [Ehcache [_default_]-0] Cache key: dup-0, Cache old value null, Cache new value Page 1 of 1 containing com.aymeric.medreport.model.Customer instances
2020-08-25 09:21:25,919 INFO org.springframework.boot.StartupInfoLogger [main] Starting MedreportApplication on DESKTOP-9AA1KRO with PID 9752 (C:\Users\Aymeric NEUMANN\Desktop\Groupe Mutuel\ReportManager\target\classes started by Aymeric NEUMANN in C:\Users\Aymeric NEUMANN\Desktop\Groupe Mutuel\ReportManager)
2020-08-25 09:21:25,920 DEBUG org.springframework.boot.StartupInfoLogger [main] Running with Spring Boot v2.3.3.RELEASE, Spring v5.2.8.RELEASE
2020-08-25 09:21:25,920 INFO org.springframework.boot.SpringApplication [main] No active profile set, falling back to default profiles: default
2020-08-25 09:21:29,538 INFO org.springframework.boot.StartupInfoLogger [main] Started MedreportApplication in 3.832 seconds (JVM running for 4.454)
2020-08-25 09:21:33,413 DEBUG com.aymeric.medreport.controller.CustomerController [http-nio-8080-exec-1] Getting customer with the last name as: dup
2020-08-25 09:21:33,565 DEBUG com.aymeric.medreport.utils.CacheEventLogger [Ehcache [_default_]-0] Cache key: dup-0, Cache old value null, Cache new value Page 1 of 1 containing com.aymeric.medreport.model.Customer instances
2020-08-25 09:22:10,916 INFO org.springframework.boot.StartupInfoLogger [main] Starting MedreportApplication on DESKTOP-9AA1KRO with PID 9796 (C:\Users\Aymeric NEUMANN\Desktop\Groupe Mutuel\ReportManager\target\classes started by Aymeric NEUMANN in C:\Users\Aymeric NEUMANN\Desktop\Groupe Mutuel\ReportManager)
2020-08-25 09:22:10,917 DEBUG org.springframework.boot.StartupInfoLogger [main] Running with Spring Boot v2.3.3.RELEASE, Spring v5.2.8.RELEASE
2020-08-25 09:22:10,917 INFO org.springframework.boot.SpringApplication [main] No active profile set, falling back to default profiles: default
2020-08-25 09:22:14,527 INFO org.springframework.boot.StartupInfoLogger [main] Started MedreportApplication in 3.828 seconds (JVM running for 4.447)
2020-08-25 09:22:25,008 DEBUG com.aymeric.medreport.controller.CustomerController [http-nio-8080-exec-1] Getting customer with the last name as: dup
2020-08-25 09:22:25,159 DEBUG com.aymeric.medreport.utils.CacheEventLogger [Ehcache [_default_]-0] Cache key: dup-0, Cache old value null, Cache new value Page 1 of 1 containing com.aymeric.medreport.model.Customer instances
2020-08-25 09:23:36,790 INFO org.springframework.boot.StartupInfoLogger [main] Starting MedreportApplication on DESKTOP-9AA1KRO with PID 8760 (C:\Users\Aymeric NEUMANN\Desktop\Groupe Mutuel\ReportManager\target\classes started by Aymeric NEUMANN in C:\Users\Aymeric NEUMANN\Desktop\Groupe Mutuel\ReportManager)
2020-08-25 09:23:36,791 DEBUG org.springframework.boot.StartupInfoLogger [main] Running with Spring Boot v2.3.3.RELEASE, Spring v5.2.8.RELEASE
2020-08-25 09:23:36,791 INFO org.springframework.boot.SpringApplication [main] No active profile set, falling back to default profiles: default
2020-08-25 09:23:40,430 INFO org.springframework.boot.StartupInfoLogger [main] Started MedreportApplication in 3.855 seconds (JVM running for 4.525)
2020-08-25 10:32:54,613 INFO org.springframework.boot.StartupInfoLogger [main] Starting MedreportApplication on DESKTOP-9AA1KRO with PID 15712 (C:\Users\Aymeric NEUMANN\Desktop\Groupe Mutuel\ReportManager\target\classes started by Aymeric NEUMANN in C:\Users\Aymeric NEUMANN\Desktop\Groupe Mutuel\ReportManager)
2020-08-25 10:32:54,613 DEBUG org.springframework.boot.StartupInfoLogger [main] Running with Spring Boot v2.3.3.RELEASE, Spring v5.2.8.RELEASE
2020-08-25 10:32:54,614 INFO org.springframework.boot.SpringApplication [main] No active profile set, falling back to default profiles: default
2020-08-25 10:32:58,191 INFO org.springframework.boot.StartupInfoLogger [main] Started MedreportApplication in 3.786 seconds (JVM running for 4.412)
2020-08-25 13:26:55,924 INFO org.springframework.boot.StartupInfoLogger [main] Starting MedreportApplication on DESKTOP-9AA1KRO with PID 16692 (C:\Users\Aymeric NEUMANN\Desktop\Groupe Mutuel\ReportManager\target\classes started by Aymeric NEUMANN in C:\Users\Aymeric NEUMANN\Desktop\Groupe Mutuel\ReportManager)
2020-08-25 13:26:55,925 DEBUG org.springframework.boot.StartupInfoLogger [main] Running with Spring Boot v2.3.3.RELEASE, Spring v5.2.8.RELEASE
2020-08-25 13:26:55,925 INFO org.springframework.boot.SpringApplication [main] No active profile set, falling back to default profiles: default
2020-08-25 13:26:59,691 INFO org.springframework.boot.StartupInfoLogger [main] Started MedreportApplication in 3.974 seconds (JVM running for 6.831)
2020-08-25 13:28:09,969 DEBUG com.aymeric.medreport.controller.CustomerController [http-nio-8080-exec-2] Getting customer with the id: 1
2020-08-25 13:28:10,031 DEBUG com.aymeric.medreport.service.CustomerService [http-nio-8080-exec-2] Customer found: Customer [customerNumber=1, lastName=Durand, firstName=Jeanne, dateOfBirth=1988-05-14, address=[com.aymeric.medreport.model.Address@42105954], reports=[com.aymeric.medreport.model.Report@692bfd5f]]
2020-08-25 13:28:10,055 DEBUG com.aymeric.medreport.utils.CacheEventLogger [Ehcache [_default_]-0] Cache key: 1, Cache old value null, Cache new value Customer [customerNumber=1, lastName=Durand, firstName=Jeanne, dateOfBirth=1988-05-14, address=[com.aymeric.medreport.model.Address@42105954], reports=[com.aymeric.medreport.model.Report@692bfd5f]]
2020-08-25 13:30:14,626 DEBUG com.aymeric.medreport.controller.CustomerController [http-nio-8080-exec-4] Getting customer with the last name as: dup
2020-08-25 13:30:14,753 DEBUG com.aymeric.medreport.utils.CacheEventLogger [Ehcache [_default_]-0] Cache key: dup-0, Cache old value null, Cache new value Page 1 of 1 containing com.aymeric.medreport.model.Customer instances
2020-08-25 13:37:11,078 INFO org.springframework.boot.StartupInfoLogger [main] Starting MedreportApplication on DESKTOP-9AA1KRO with PID 15756 (C:\Users\Aymeric NEUMANN\Desktop\Groupe Mutuel\ReportManager\target\classes started by Aymeric NEUMANN in C:\Users\Aymeric NEUMANN\Desktop\Groupe Mutuel\ReportManager)
2020-08-25 13:37:11,079 DEBUG org.springframework.boot.StartupInfoLogger [main] Running with Spring Boot v2.3.3.RELEASE, Spring v5.2.8.RELEASE
2020-08-25 13:37:11,080 INFO org.springframework.boot.SpringApplication [main] No active profile set, falling back to default profiles: default
2020-08-25 13:37:14,527 INFO org.springframework.boot.StartupInfoLogger [main] Started MedreportApplication in 3.66 seconds (JVM running for 4.271)
2020-08-25 13:43:38,981 INFO org.springframework.boot.StartupInfoLogger [main] Starting MedreportApplication on DESKTOP-9AA1KRO with PID 15396 (C:\Users\Aymeric NEUMANN\Desktop\Groupe Mutuel\ReportManager\target\classes started by Aymeric NEUMANN in C:\Users\Aymeric NEUMANN\Desktop\Groupe Mutuel\ReportManager)
2020-08-25 13:43:38,982 DEBUG org.springframework.boot.StartupInfoLogger [main] Running with Spring Boot v2.3.3.RELEASE, Spring v5.2.8.RELEASE
2020-08-25 13:43:38,982 INFO org.springframework.boot.SpringApplication [main] No active profile set, falling back to default profiles: default
2020-08-25 13:43:42,541 INFO org.springframework.boot.StartupInfoLogger [main] Started MedreportApplication in 3.772 seconds (JVM running for 4.402)
2020-08-25 13:45:04,892 INFO org.springframework.boot.StartupInfoLogger [main] Starting MedreportApplication on DESKTOP-9AA1KRO with PID 7516 (C:\Users\Aymeric NEUMANN\Desktop\Groupe Mutuel\ReportManager\target\classes started by Aymeric NEUMANN in C:\Users\Aymeric NEUMANN\Desktop\Groupe Mutuel\ReportManager)
2020-08-25 13:45:04,892 DEBUG org.springframework.boot.StartupInfoLogger [main] Running with Spring Boot v2.3.3.RELEASE, Spring v5.2.8.RELEASE
2020-08-25 13:45:04,893 INFO org.springframework.boot.SpringApplication [main] No active profile set, falling back to default profiles: default
2020-08-25 13:45:08,433 INFO org.springframework.boot.StartupInfoLogger [main] Started MedreportApplication in 3.75 seconds (JVM running for 4.361)
2020-08-25 13:45:48,603 INFO org.springframework.boot.StartupInfoLogger [main] Starting MedreportApplication on DESKTOP-9AA1KRO with PID 7192 (C:\Users\Aymeric NEUMANN\Desktop\Groupe Mutuel\ReportManager\target\classes started by Aymeric NEUMANN in C:\Users\Aymeric NEUMANN\Desktop\Groupe Mutuel\ReportManager)
2020-08-25 13:45:48,605 DEBUG org.springframework.boot.StartupInfoLogger [main] Running with Spring Boot v2.3.3.RELEASE, Spring v5.2.8.RELEASE
2020-08-25 13:45:48,605 INFO org.springframework.boot.SpringApplication [main] No active profile set, falling back to default profiles: default
2020-08-25 13:45:52,155 INFO org.springframework.boot.StartupInfoLogger [main] Started MedreportApplication in 3.768 seconds (JVM running for 4.38)
2020-08-25 13:46:36,389 INFO org.springframework.boot.StartupInfoLogger [main] Starting MedreportApplication on DESKTOP-9AA1KRO with PID 7900 (C:\Users\Aymeric NEUMANN\Desktop\Groupe Mutuel\ReportManager\target\classes started by Aymeric NEUMANN in C:\Users\Aymeric NEUMANN\Desktop\Groupe Mutuel\ReportManager)
2020-08-25 13:46:36,390 DEBUG org.springframework.boot.StartupInfoLogger [main] Running with Spring Boot v2.3.3.RELEASE, Spring v5.2.8.RELEASE
2020-08-25 13:46:36,390 INFO org.springframework.boot.SpringApplication [main] No active profile set, falling back to default profiles: default
2020-08-25 13:46:40,015 INFO org.springframework.boot.StartupInfoLogger [main] Started MedreportApplication in 3.838 seconds (JVM running for 4.482)
2020-08-25 13:47:00,746 DEBUG com.aymeric.medreport.controller.CustomerController [http-nio-8080-exec-3] Getting customer with the id: 1
2020-08-25 13:47:00,808 DEBUG com.aymeric.medreport.service.CustomerService [http-nio-8080-exec-3] Customer found: Customer [customerNumber=1, lastName=Durand, firstName=Jeanne, dateOfBirth=1988-05-14, address=[com.aymeric.medreport.model.Address@537ffabb], reports=[com.aymeric.medreport.model.Report@658bc95a]]
2020-08-25 13:47:00,827 DEBUG com.aymeric.medreport.utils.CacheEventLogger [Ehcache [_default_]-0] Cache key: 1, Cache old value null, Cache new value Customer [customerNumber=1, lastName=Durand, firstName=Jeanne, dateOfBirth=1988-05-14, address=[com.aymeric.medreport.model.Address@537ffabb], reports=[com.aymeric.medreport.model.Report@658bc95a]]
2020-08-25 13:47:31,983 INFO org.springframework.boot.StartupInfoLogger [main] Starting MedreportApplication on DESKTOP-9AA1KRO with PID 12400 (C:\Users\Aymeric NEUMANN\Desktop\Groupe Mutuel\ReportManager\target\classes started by Aymeric NEUMANN in C:\Users\Aymeric NEUMANN\Desktop\Groupe Mutuel\ReportManager)
2020-08-25 13:47:31,984 DEBUG org.springframework.boot.StartupInfoLogger [main] Running with Spring Boot v2.3.3.RELEASE, Spring v5.2.8.RELEASE
2020-08-25 13:47:31,985 INFO org.springframework.boot.SpringApplication [main] No active profile set, falling back to default profiles: default
2020-08-25 13:47:35,579 INFO org.springframework.boot.StartupInfoLogger [main] Started MedreportApplication in 3.807 seconds (JVM running for 4.426)
2020-08-25 13:47:37,722 DEBUG com.aymeric.medreport.controller.CustomerController [http-nio-8080-exec-2] Getting customer with the id: 1
2020-08-25 13:47:37,780 DEBUG com.aymeric.medreport.service.CustomerService [http-nio-8080-exec-2] Customer found: Customer [customerNumber=1, lastName=Durand, firstName=Jeanne, dateOfBirth=1988-05-14, address=[com.aymeric.medreport.model.Address@196064a], reports=[com.aymeric.medreport.model.Report@661a2a3d]]
2020-08-25 13:47:37,797 DEBUG com.aymeric.medreport.utils.CacheEventLogger [Ehcache [_default_]-0] Cache key: 1, Cache old value null, Cache new value Customer [customerNumber=1, lastName=Durand, firstName=Jeanne, dateOfBirth=1988-05-14, address=[com.aymeric.medreport.model.Address@196064a], reports=[com.aymeric.medreport.model.Report@661a2a3d]]
2020-08-25 13:48:56,861 INFO org.springframework.boot.StartupInfoLogger [main] Starting MedreportApplication on DESKTOP-9AA1KRO with PID 17836 (C:\Users\Aymeric NEUMANN\Desktop\Groupe Mutuel\ReportManager\target\classes started by Aymeric NEUMANN in C:\Users\Aymeric NEUMANN\Desktop\Groupe Mutuel\ReportManager)
2020-08-25 13:48:56,861 DEBUG org.springframework.boot.StartupInfoLogger [main] Running with Spring Boot v2.3.3.RELEASE, Spring v5.2.8.RELEASE
2020-08-25 13:48:56,862 INFO org.springframework.boot.SpringApplication [main] No active profile set, falling back to default profiles: default
2020-08-25 13:49:00,435 INFO org.springframework.boot.StartupInfoLogger [main] Started MedreportApplication in 3.785 seconds (JVM running for 4.402)
2020-08-25 13:49:05,135 DEBUG com.aymeric.medreport.controller.CustomerController [http-nio-8080-exec-6] Getting customer with the id: 1
2020-08-25 13:49:05,189 DEBUG com.aymeric.medreport.service.CustomerService [http-nio-8080-exec-6] Customer found: Customer [customerNumber=1, lastName=Durand, firstName=Jeanne, dateOfBirth=1988-05-14, address=[com.aymeric.medreport.model.Address@2e822dbd], reports=[com.aymeric.medreport.model.Report@7e78b34e]]
2020-08-25 13:49:05,206 DEBUG com.aymeric.medreport.utils.CacheEventLogger [Ehcache [_default_]-0] Cache key: 1, Cache old value null, Cache new value Customer [customerNumber=1, lastName=Durand, firstName=Jeanne, dateOfBirth=1988-05-14, address=[com.aymeric.medreport.model.Address@2e822dbd], reports=[com.aymeric.medreport.model.Report@7e78b34e]]
2020-08-25 14:12:57,798 INFO org.springframework.boot.StartupInfoLogger [main] Starting MedreportApplication on DESKTOP-9AA1KRO with PID 11724 (C:\Users\Aymeric NEUMANN\Desktop\Groupe Mutuel\ReportManager\target\classes started by Aymeric NEUMANN in C:\Users\Aymeric NEUMANN\Desktop\Groupe Mutuel\ReportManager)
2020-08-25 14:12:57,799 DEBUG org.springframework.boot.StartupInfoLogger [main] Running with Spring Boot v2.3.3.RELEASE, Spring v5.2.8.RELEASE
2020-08-25 14:12:57,799 INFO org.springframework.boot.SpringApplication [main] No active profile set, falling back to default profiles: default
2020-08-25 14:14:31,519 INFO org.springframework.boot.StartupInfoLogger [main] Starting MedreportApplication on DESKTOP-9AA1KRO with PID 10668 (C:\Users\Aymeric NEUMANN\Desktop\Groupe Mutuel\ReportManager\target\classes started by Aymeric NEUMANN in C:\Users\Aymeric NEUMANN\Desktop\Groupe Mutuel\ReportManager)
2020-08-25 14:14:31,519 DEBUG org.springframework.boot.StartupInfoLogger [main] Running with Spring Boot v2.3.3.RELEASE, Spring v5.2.8.RELEASE
2020-08-25 14:14:31,520 INFO org.springframework.boot.SpringApplication [main] No active profile set, falling back to default profiles: default
2020-08-25 14:14:35,030 INFO org.springframework.boot.StartupInfoLogger [main] Started MedreportApplication in 3.718 seconds (JVM running for 4.326)
2020-08-25 14:15:51,472 INFO org.springframework.boot.StartupInfoLogger [main] Starting MedreportApplication on DESKTOP-9AA1KRO with PID 6428 (C:\Users\Aymeric NEUMANN\Desktop\Groupe Mutuel\ReportManager\target\classes started by Aymeric NEUMANN in C:\Users\Aymeric NEUMANN\Desktop\Groupe Mutuel\ReportManager)
2020-08-25 14:15:51,473 DEBUG org.springframework.boot.StartupInfoLogger [main] Running with Spring Boot v2.3.3.RELEASE, Spring v5.2.8.RELEASE
2020-08-25 14:15:51,473 INFO org.springframework.boot.SpringApplication [main] No active profile set, falling back to default profiles: default
2020-08-25 14:15:55,037 INFO org.springframework.boot.StartupInfoLogger [main] Started MedreportApplication in 3.78 seconds (JVM running for 4.395)
2020-08-25 14:16:41,790 INFO org.springframework.boot.StartupInfoLogger [main] Starting MedreportApplication on DESKTOP-9AA1KRO with PID 736 (C:\Users\Aymeric NEUMANN\Desktop\Groupe Mutuel\ReportManager\target\classes started by Aymeric NEUMANN in C:\Users\Aymeric NEUMANN\Desktop\Groupe Mutuel\ReportManager)
2020-08-25 14:16:41,791 DEBUG org.springframework.boot.StartupInfoLogger [main] Running with Spring Boot v2.3.3.RELEASE, Spring v5.2.8.RELEASE
2020-08-25 14:16:41,791 INFO org.springframework.boot.SpringApplication [main] No active profile set, falling back to default profiles: default
2020-08-25 14:16:45,354 INFO org.springframework.boot.StartupInfoLogger [main] Started MedreportApplication in 3.775 seconds (JVM running for 4.443)
2020-08-25 14:17:05,552 INFO org.springframework.boot.StartupInfoLogger [main] Starting MedreportApplication on DESKTOP-9AA1KRO with PID 6680 (C:\Users\Aymeric NEUMANN\Desktop\Groupe Mutuel\ReportManager\target\classes started by Aymeric NEUMANN in C:\Users\Aymeric NEUMANN\Desktop\Groupe Mutuel\ReportManager)
2020-08-25 14:17:05,553 DEBUG org.springframework.boot.StartupInfoLogger [main] Running with Spring Boot v2.3.3.RELEASE, Spring v5.2.8.RELEASE
2020-08-25 14:17:05,553 INFO org.springframework.boot.SpringApplication [main] No active profile set, falling back to default profiles: default
2020-08-25 14:19:16,160 INFO org.springframework.boot.StartupInfoLogger [main] Starting MedreportApplication on DESKTOP-9AA1KRO with PID 84 (C:\Users\Aymeric NEUMANN\Desktop\Groupe Mutuel\ReportManager\target\classes started by Aymeric NEUMANN in C:\Users\Aymeric NEUMANN\Desktop\Groupe Mutuel\ReportManager)
2020-08-25 14:19:16,160 DEBUG org.springframework.boot.StartupInfoLogger [main] Running with Spring Boot v2.3.3.RELEASE, Spring v5.2.8.RELEASE
2020-08-25 14:19:16,161 INFO org.springframework.boot.SpringApplication [main] No active profile set, falling back to default profiles: default
2020-08-25 14:19:19,779 INFO org.springframework.boot.StartupInfoLogger [main] Started MedreportApplication in 3.832 seconds (JVM running for 4.448)
2020-08-25 14:19:27,945 DEBUG com.aymeric.medreport.controller.CustomerController [http-nio-8080-exec-4] Getting customer with the id: 1
2020-08-25 14:19:28,005 DEBUG com.aymeric.medreport.service.CustomerService [http-nio-8080-exec-4] Customer found: Customer [customerNumber=1, lastName=Durand, firstName=Jeanne, dateOfBirth=1988-05-14, address=[com.aymeric.medreport.model.Address@4b2f08f1], reports=[com.aymeric.medreport.model.Report@3f151aef]]
2020-08-25 14:19:28,026 DEBUG com.aymeric.medreport.utils.CacheEventLogger [Ehcache [_default_]-0] Cache key: 1, Cache old value null, Cache new value Customer [customerNumber=1, lastName=Durand, firstName=Jeanne, dateOfBirth=1988-05-14, address=[com.aymeric.medreport.model.Address@4b2f08f1], reports=[com.aymeric.medreport.model.Report@3f151aef]]
2020-08-25 14:20:21,083 INFO org.springframework.boot.StartupInfoLogger [main] Starting MedreportApplication on DESKTOP-9AA1KRO with PID 12468 (C:\Users\Aymeric NEUMANN\Desktop\Groupe Mutuel\ReportManager\target\classes started by Aymeric NEUMANN in C:\Users\Aymeric NEUMANN\Desktop\Groupe Mutuel\ReportManager)
2020-08-25 14:20:21,084 DEBUG org.springframework.boot.StartupInfoLogger [main] Running with Spring Boot v2.3.3.RELEASE, Spring v5.2.8.RELEASE
2020-08-25 14:20:21,084 INFO org.springframework.boot.SpringApplication [main] No active profile set, falling back to default profiles: default
2020-08-25 14:20:24,881 INFO org.springframework.boot.StartupInfoLogger [main] Started MedreportApplication in 4.011 seconds (JVM running for 4.632)
2020-08-25 14:20:50,224 INFO org.springframework.boot.StartupInfoLogger [main] Starting MedreportApplication on DESKTOP-9AA1KRO with PID 14764 (C:\Users\Aymeric NEUMANN\Desktop\Groupe Mutuel\ReportManager\target\classes started by Aymeric NEUMANN in C:\Users\Aymeric NEUMANN\Desktop\Groupe Mutuel\ReportManager)
2020-08-25 14:20:50,225 DEBUG org.springframework.boot.StartupInfoLogger [main] Running with Spring Boot v2.3.3.RELEASE, Spring v5.2.8.RELEASE
2020-08-25 14:20:50,225 INFO org.springframework.boot.SpringApplication [main] No active profile set, falling back to default profiles: default
2020-08-25 14:20:53,850 INFO org.springframework.boot.StartupInfoLogger [main] Started MedreportApplication in 3.84 seconds (JVM running for 4.465)
2020-08-25 14:20:56,187 DEBUG com.aymeric.medreport.controller.CustomerController [http-nio-8080-exec-2] Getting customer with the id: 1
2020-08-25 14:20:56,248 DEBUG com.aymeric.medreport.service.CustomerService [http-nio-8080-exec-2] Customer found: Customer [customerNumber=1, lastName=Durand, firstName=Jeanne, dateOfBirth=1988-05-14, address=[com.aymeric.medreport.model.Address@6236700f], reports=[com.aymeric.medreport.model.Report@2843990a]]
2020-08-25 14:20:56,266 DEBUG com.aymeric.medreport.utils.CacheEventLogger [Ehcache [_default_]-0] Cache key: 1, Cache old value null, Cache new value Customer [customerNumber=1, lastName=Durand, firstName=Jeanne, dateOfBirth=1988-05-14, address=[com.aymeric.medreport.model.Address@6236700f], reports=[com.aymeric.medreport.model.Report@2843990a]]
2020-08-25 14:23:33,266 DEBUG com.aymeric.medreport.controller.CustomerController [http-nio-8080-exec-5] Getting customer with the last name as: dup
2020-08-25 14:23:33,385 DEBUG com.aymeric.medreport.utils.CacheEventLogger [Ehcache [_default_]-0] Cache key: dup-0, Cache old value null, Cache new value Page 1 of 1 containing com.aymeric.medreport.model.Customer instances
2020-08-25 14:25:36,988 INFO org.springframework.boot.StartupInfoLogger [main] Starting MedreportApplication on DESKTOP-9AA1KRO with PID 17892 (C:\Users\Aymeric NEUMANN\Desktop\Groupe Mutuel\ReportManager\target\classes started by Aymeric NEUMANN in C:\Users\Aymeric NEUMANN\Desktop\Groupe Mutuel\ReportManager)
2020-08-25 14:25:36,989 DEBUG org.springframework.boot.StartupInfoLogger [main] Running with Spring Boot v2.3.3.RELEASE, Spring v5.2.8.RELEASE
2020-08-25 14:25:36,989 INFO org.springframework.boot.SpringApplication [main] No active profile set, falling back to default profiles: default
2020-08-25 14:29:51,851 INFO org.springframework.boot.StartupInfoLogger [main] Starting MedreportApplication on DESKTOP-9AA1KRO with PID 17484 (C:\Users\Aymeric NEUMANN\Desktop\Groupe Mutuel\ReportManager\target\classes started by Aymeric NEUMANN in C:\Users\Aymeric NEUMANN\Desktop\Groupe Mutuel\ReportManager)
2020-08-25 14:29:51,852 DEBUG org.springframework.boot.StartupInfoLogger [main] Running with Spring Boot v2.3.3.RELEASE, Spring v5.2.8.RELEASE
2020-08-25 14:29:51,852 INFO org.springframework.boot.SpringApplication [main] No active profile set, falling back to default profiles: default
2020-08-25 14:29:55,433 INFO org.springframework.boot.StartupInfoLogger [main] Started MedreportApplication in 3.793 seconds (JVM running for 4.426)
2020-08-25 14:31:42,818 INFO org.springframework.boot.StartupInfoLogger [main] Starting MedreportApplication on DESKTOP-9AA1KRO with PID 1416 (C:\Users\Aymeric NEUMANN\Desktop\Groupe Mutuel\ReportManager\target\classes started by Aymeric NEUMANN in C:\Users\Aymeric NEUMANN\Desktop\Groupe Mutuel\ReportManager)
2020-08-25 14:31:42,819 DEBUG org.springframework.boot.StartupInfoLogger [main] Running with Spring Boot v2.3.3.RELEASE, Spring v5.2.8.RELEASE
2020-08-25 14:31:42,819 INFO org.springframework.boot.SpringApplication [main] No active profile set, falling back to default profiles: default
2020-08-25 14:31:46,425 INFO org.springframework.boot.StartupInfoLogger [main] Started MedreportApplication in 3.815 seconds (JVM running for 4.429)
2020-08-25 14:34:12,141 INFO org.springframework.boot.StartupInfoLogger [main] Starting MedreportApplication on DESKTOP-9AA1KRO with PID 9452 (C:\Users\Aymeric NEUMANN\Desktop\Groupe Mutuel\ReportManager\target\classes started by Aymeric NEUMANN in C:\Users\Aymeric NEUMANN\Desktop\Groupe Mutuel\ReportManager)
2020-08-25 14:34:12,142 DEBUG org.springframework.boot.StartupInfoLogger [main] Running with Spring Boot v2.3.3.RELEASE, Spring v5.2.8.RELEASE
2020-08-25 14:34:12,142 INFO org.springframework.boot.SpringApplication [main] No active profile set, falling back to default profiles: default
2020-08-25 14:34:15,728 INFO org.springframework.boot.StartupInfoLogger [main] Started MedreportApplication in 3.8 seconds (JVM running for 4.418)
2020-08-25 14:34:37,590 INFO org.springframework.boot.StartupInfoLogger [main] Starting MedreportApplication on DESKTOP-9AA1KRO with PID 16920 (C:\Users\Aymeric NEUMANN\Desktop\Groupe Mutuel\ReportManager\target\classes started by Aymeric NEUMANN in C:\Users\Aymeric NEUMANN\Desktop\Groupe Mutuel\ReportManager)
2020-08-25 14:34:37,591 DEBUG org.springframework.boot.StartupInfoLogger [main] Running with Spring Boot v2.3.3.RELEASE, Spring v5.2.8.RELEASE
2020-08-25 14:34:37,591 INFO org.springframework.boot.SpringApplication [main] No active profile set, falling back to default profiles: default
2020-08-25 14:34:41,191 INFO org.springframework.boot.StartupInfoLogger [main] Started MedreportApplication in 3.81 seconds (JVM running for 4.45)
2020-08-25 14:35:15,294 DEBUG com.aymeric.medreport.controller.CustomerController [http-nio-8080-exec-6] Getting customer with the last name as: dup
2020-08-25 14:35:15,451 DEBUG com.aymeric.medreport.utils.CacheEventLogger [Ehcache [_default_]-0] Cache key: dup-0, Cache old value null, Cache new value Page 1 of 1 containing com.aymeric.medreport.model.Customer instances
2020-08-25 14:37:10,325 INFO org.springframework.boot.StartupInfoLogger [main] Starting MedreportApplication on DESKTOP-9AA1KRO with PID 4136 (C:\Users\Aymeric NEUMANN\Desktop\Groupe Mutuel\ReportManager\target\classes started by Aymeric NEUMANN in C:\Users\Aymeric NEUMANN\Desktop\Groupe Mutuel\ReportManager)
2020-08-25 14:37:10,326 DEBUG org.springframework.boot.StartupInfoLogger [main] Running with Spring Boot v2.3.3.RELEASE, Spring v5.2.8.RELEASE
2020-08-25 14:37:10,326 INFO org.springframework.boot.SpringApplication [main] No active profile set, falling back to default profiles: default
2020-08-25 14:37:13,889 INFO org.springframework.boot.StartupInfoLogger [main] Started MedreportApplication in 3.777 seconds (JVM running for 4.393)
2020-08-25 14:37:18,717 DEBUG com.aymeric.medreport.controller.CustomerController [http-nio-8080-exec-2] Getting customer with the last name as: dup
2020-08-25 14:37:18,865 DEBUG com.aymeric.medreport.utils.CacheEventLogger [Ehcache [_default_]-0] Cache key: dup-0, Cache old value null, Cache new value Page 1 of 1 containing com.aymeric.medreport.model.Customer instances
2020-08-25 14:48:27,201 INFO org.springframework.boot.StartupInfoLogger [main] Starting MedreportApplication on DESKTOP-9AA1KRO with PID 10900 (C:\Users\Aymeric NEUMANN\Desktop\Groupe Mutuel\ReportManager\target\classes started by Aymeric NEUMANN in C:\Users\Aymeric NEUMANN\Desktop\Groupe Mutuel\ReportManager)
2020-08-25 14:48:27,201 DEBUG org.springframework.boot.StartupInfoLogger [main] Running with Spring Boot v2.3.3.RELEASE, Spring v5.2.8.RELEASE
2020-08-25 14:48:27,201 INFO org.springframework.boot.SpringApplication [main] No active profile set, falling back to default profiles: default
2020-08-25 14:48:30,788 INFO org.springframework.boot.StartupInfoLogger [main] Started MedreportApplication in 3.798 seconds (JVM running for 4.433)
2020-08-25 15:03:57,762 INFO org.springframework.boot.StartupInfoLogger [main] Starting MedreportApplication on DESKTOP-9AA1KRO with PID 10704 (C:\Users\Aymeric NEUMANN\Desktop\Groupe Mutuel\ReportManager\target\classes started by Aymeric NEUMANN in C:\Users\Aymeric NEUMANN\Desktop\Groupe Mutuel\ReportManager)
2020-08-25 15:03:57,763 DEBUG org.springframework.boot.StartupInfoLogger [main] Running with Spring Boot v2.3.3.RELEASE, Spring v5.2.8.RELEASE
2020-08-25 15:03:57,764 INFO org.springframework.boot.SpringApplication [main] No active profile set, falling back to default profiles: default
2020-08-25 15:20:02,447 INFO org.springframework.boot.StartupInfoLogger [main] Starting MedreportApplication on DESKTOP-9AA1KRO with PID 5804 (C:\Users\Aymeric NEUMANN\Desktop\Groupe Mutuel\ReportManager\target\classes started by Aymeric NEUMANN in C:\Users\Aymeric NEUMANN\Desktop\Groupe Mutuel\ReportManager)
2020-08-25 15:20:02,448 DEBUG org.springframework.boot.StartupInfoLogger [main] Running with Spring Boot v2.3.3.RELEASE, Spring v5.2.8.RELEASE
2020-08-25 15:20:02,449 INFO org.springframework.boot.SpringApplication [main] No active profile set, falling back to default profiles: default
2020-08-25 15:31:28,102 INFO org.springframework.boot.StartupInfoLogger [main] Starting MedreportApplication on DESKTOP-9AA1KRO with PID 18428 (C:\Users\Aymeric NEUMANN\Desktop\Groupe Mutuel\ReportManager\target\classes started by Aymeric NEUMANN in C:\Users\Aymeric NEUMANN\Desktop\Groupe Mutuel\ReportManager)
2020-08-25 15:31:28,103 DEBUG org.springframework.boot.StartupInfoLogger [main] Running with Spring Boot v2.3.3.RELEASE, Spring v5.2.8.RELEASE
2020-08-25 15:31:28,103 INFO org.springframework.boot.SpringApplication [main] No active profile set, falling back to default profiles: default
2020-08-25 15:31:31,655 INFO org.springframework.boot.StartupInfoLogger [main] Started MedreportApplication in 3.763 seconds (JVM running for 4.385)
2020-08-25 15:31:57,923 DEBUG com.aymeric.medreport.controller.CustomerController [http-nio-8080-exec-2] Getting customer with the last name as: dup
2020-08-25 15:31:58,072 DEBUG com.aymeric.medreport.utils.CacheEventLogger [Ehcache [_default_]-0] Cache key: dup-0, Cache old value null, Cache new value Page 1 of 1 containing com.aymeric.medreport.model.Customer instances
2020-08-25 15:33:44,155 INFO org.springframework.boot.StartupInfoLogger [main] Starting MedreportApplication on DESKTOP-9AA1KRO with PID 9132 (C:\Users\Aymeric NEUMANN\Desktop\Groupe Mutuel\ReportManager\target\classes started by Aymeric NEUMANN in C:\Users\Aymeric NEUMANN\Desktop\Groupe Mutuel\ReportManager)
2020-08-25 15:33:44,156 DEBUG org.springframework.boot.StartupInfoLogger [main] Running with Spring Boot v2.3.3.RELEASE, Spring v5.2.8.RELEASE
2020-08-25 15:33:44,157 INFO org.springframework.boot.SpringApplication [main] No active profile set, falling back to default profiles: default
2020-08-25 15:33:47,759 INFO org.springframework.boot.StartupInfoLogger [main] Started MedreportApplication in 3.82 seconds (JVM running for 4.433)
2020-08-25 15:34:35,353 DEBUG com.aymeric.medreport.controller.CustomerController [http-nio-8080-exec-4] Getting customer with the id: 1
2020-08-25 15:34:35,415 DEBUG com.aymeric.medreport.service.CustomerService [http-nio-8080-exec-4] Customer found: Customer [customerNumber=1, lastName=Durand, firstName=Jeanne, dateOfBirth=1988-05-14, address=[com.aymeric.medreport.model.Address@76d43de7], reports=[com.aymeric.medreport.model.Report@2f577ee7]]
2020-08-25 15:34:35,437 DEBUG com.aymeric.medreport.utils.CacheEventLogger [Ehcache [_default_]-0] Cache key: 1, Cache old value null, Cache new value Customer [customerNumber=1, lastName=Durand, firstName=Jeanne, dateOfBirth=1988-05-14, address=[com.aymeric.medreport.model.Address@76d43de7], reports=[com.aymeric.medreport.model.Report@2f577ee7]]
2020-08-25 15:34:55,144 DEBUG com.aymeric.medreport.controller.CustomerController [http-nio-8080-exec-5] Getting customer with the last name as: dup
2020-08-25 15:34:55,264 DEBUG com.aymeric.medreport.utils.CacheEventLogger [Ehcache [_default_]-0] Cache key: dup-0, Cache old value null, Cache new value Page 1 of 1 containing com.aymeric.medreport.model.Customer instances
2020-08-25 15:35:42,662 INFO org.springframework.boot.StartupInfoLogger [main] Starting MedreportApplication on DESKTOP-9AA1KRO with PID 14556 (C:\Users\Aymeric NEUMANN\Desktop\Groupe Mutuel\ReportManager\target\classes started by Aymeric NEUMANN in C:\Users\Aymeric NEUMANN\Desktop\Groupe Mutuel\ReportManager)
2020-08-25 15:35:42,663 DEBUG org.springframework.boot.StartupInfoLogger [main] Running with Spring Boot v2.3.3.RELEASE, Spring v5.2.8.RELEASE
2020-08-25 15:35:42,664 INFO org.springframework.boot.SpringApplication [main] No active profile set, falling back to default profiles: default
2020-08-25 15:35:46,317 INFO org.springframework.boot.StartupInfoLogger [main] Started MedreportApplication in 3.864 seconds (JVM running for 4.487)
2020-08-25 15:36:11,428 INFO org.springframework.boot.StartupInfoLogger [main] Starting MedreportApplication on DESKTOP-9AA1KRO with PID 13816 (C:\Users\Aymeric NEUMANN\Desktop\Groupe Mutuel\ReportManager\target\classes started by Aymeric NEUMANN in C:\Users\Aymeric NEUMANN\Desktop\Groupe Mutuel\ReportManager)
2020-08-25 15:36:11,429 DEBUG org.springframework.boot.StartupInfoLogger [main] Running with Spring Boot v2.3.3.RELEASE, Spring v5.2.8.RELEASE
2020-08-25 15:36:11,429 INFO org.springframework.boot.SpringApplication [main] No active profile set, falling back to default profiles: default
2020-08-25 15:36:14,927 DEBUG com.aymeric.medreport.controller.CustomerController [http-nio-8080-exec-3] Getting customer with the id: 1
2020-08-25 15:36:15,075 INFO org.springframework.boot.StartupInfoLogger [main] Started MedreportApplication in 3.896 seconds (JVM running for 4.541)
2020-08-25 15:36:15,106 DEBUG com.aymeric.medreport.service.CustomerService [http-nio-8080-exec-3] Customer found: Customer [customerNumber=1, lastName=Durand, firstName=Jeanne, dateOfBirth=1988-05-14, address=[com.aymeric.medreport.model.Address@1ac9c6e0], reports=[com.aymeric.medreport.model.Report@fc62904]]
2020-08-25 15:36:15,124 DEBUG com.aymeric.medreport.utils.CacheEventLogger [Ehcache [_default_]-0] Cache key: 1, Cache old value null, Cache new value Customer [customerNumber=1, lastName=Durand, firstName=Jeanne, dateOfBirth=1988-05-14, address=[com.aymeric.medreport.model.Address@1ac9c6e0], reports=[com.aymeric.medreport.model.Report@fc62904]]
2020-08-25 15:37:06,107 INFO org.springframework.boot.StartupInfoLogger [main] Starting MedreportApplication on DESKTOP-9AA1KRO with PID 13344 (C:\Users\Aymeric NEUMANN\Desktop\Groupe Mutuel\ReportManager\target\classes started by Aymeric NEUMANN in C:\Users\Aymeric NEUMANN\Desktop\Groupe Mutuel\ReportManager)
2020-08-25 15:37:06,108 DEBUG org.springframework.boot.StartupInfoLogger [main] Running with Spring Boot v2.3.3.RELEASE, Spring v5.2.8.RELEASE
2020-08-25 15:37:06,108 INFO org.springframework.boot.SpringApplication [main] No active profile set, falling back to default profiles: default
2020-08-25 15:37:09,678 INFO org.springframework.boot.StartupInfoLogger [main] Started MedreportApplication in 3.785 seconds (JVM running for 4.396)
2020-08-25 15:37:12,354 DEBUG com.aymeric.medreport.controller.ReportController [http-nio-8080-exec-1] Getting report with the id: 1
2020-08-25 15:39:52,103 INFO org.springframework.boot.StartupInfoLogger [main] Starting MedreportApplication on DESKTOP-9AA1KRO with PID 2440 (C:\Users\Aymeric NEUMANN\Desktop\Groupe Mutuel\ReportManager\target\classes started by Aymeric NEUMANN in C:\Users\Aymeric NEUMANN\Desktop\Groupe Mutuel\ReportManager)
2020-08-25 15:39:52,104 DEBUG org.springframework.boot.StartupInfoLogger [main] Running with Spring Boot v2.3.3.RELEASE, Spring v5.2.8.RELEASE
2020-08-25 15:39:52,104 INFO org.springframework.boot.SpringApplication [main] No active profile set, falling back to default profiles: default
2020-08-25 15:39:55,693 INFO org.springframework.boot.StartupInfoLogger [main] Started MedreportApplication in 3.801 seconds (JVM running for 4.417)
2020-08-25 15:39:59,073 DEBUG com.aymeric.medreport.controller.ReportController [http-nio-8080-exec-2] Getting report with the id: 1
2020-08-25 15:40:11,594 DEBUG com.aymeric.medreport.controller.CustomerController [http-nio-8080-exec-3] Getting customer with the id: 1
2020-08-25 15:40:11,617 DEBUG com.aymeric.medreport.service.CustomerService [http-nio-8080-exec-3] Customer found: Customer [customerNumber=1, lastName=Durand, firstName=Jeanne, dateOfBirth=1988-05-14, address=[com.aymeric.medreport.model.Address@602dcf9a], reports=[com.aymeric.medreport.model.Report@765619b1]]
2020-08-25 15:40:11,631 DEBUG com.aymeric.medreport.utils.CacheEventLogger [Ehcache [_default_]-0] Cache key: 1, Cache old value null, Cache new value Customer [customerNumber=1, lastName=Durand, firstName=Jeanne, dateOfBirth=1988-05-14, address=[com.aymeric.medreport.model.Address@602dcf9a], reports=[com.aymeric.medreport.model.Report@765619b1]]
2020-08-25 15:59:37,947 INFO org.springframework.boot.StartupInfoLogger [main] Starting MedreportApplication on DESKTOP-9AA1KRO with PID 8732 (C:\Users\Aymeric NEUMANN\Desktop\Groupe Mutuel\ReportManager\target\classes started by Aymeric NEUMANN in C:\Users\Aymeric NEUMANN\Desktop\Groupe Mutuel\ReportManager)
2020-08-25 15:59:37,948 DEBUG org.springframework.boot.StartupInfoLogger [main] Running with Spring Boot v2.3.3.RELEASE, Spring v5.2.8.RELEASE
2020-08-25 15:59:37,949 INFO org.springframework.boot.SpringApplication [main] No active profile set, falling back to default profiles: default
2020-08-25 15:59:41,488 INFO org.springframework.boot.StartupInfoLogger [main] Started MedreportApplication in 3.759 seconds (JVM running for 4.374)
2020-08-25 16:04:11,699 DEBUG com.aymeric.medreport.controller.CustomerController [http-nio-8080-exec-1] Saving the customer: Customer [id=null, lastName=Durand, firstName=Jeanne, dateOfBirth=Sat May 14 02:00:00 CEST 1988, address=[com.aymeric.medreport.model.Address@3508b304], reports=[com.aymeric.medreport.model.Report@543eda71]]
2020-08-25 16:04:24,154 DEBUG com.aymeric.medreport.controller.CustomerController [http-nio-8080-exec-5] Getting customer with the id: 1
2020-08-25 16:04:24,186 DEBUG com.aymeric.medreport.service.CustomerService [http-nio-8080-exec-5] Customer found: Customer [id=1, lastName=Durand, firstName=Jeanne, dateOfBirth=1988-05-14, address=[com.aymeric.medreport.model.Address@773f7101], reports=[]]
2020-08-25 16:04:24,203 DEBUG com.aymeric.medreport.utils.CacheEventLogger [Ehcache [_default_]-0] Cache key: 1, Cache old value null, Cache new value Customer [id=1, lastName=Durand, firstName=Jeanne, dateOfBirth=1988-05-14, address=[com.aymeric.medreport.model.Address@773f7101], reports=[]]
2020-08-25 16:05:06,299 DEBUG com.aymeric.medreport.controller.CustomerController [http-nio-8080-exec-6] Saving the customer: Customer [id=null, lastName=Dupont, firstName=Jean, dateOfBirth=Tue Apr 22 01:00:00 CET 1975, address=[com.aymeric.medreport.model.Address@3da3a046], reports=[com.aymeric.medreport.model.Report@399c232a, com.aymeric.medreport.model.Report@7c9eaa7d]]
2020-08-25 16:05:19,496 DEBUG com.aymeric.medreport.controller.CustomerController [http-nio-8080-exec-2] Saving the customer: Customer [id=null, lastName=Dupont, firstName=Pierre, dateOfBirth=Sun May 27 02:00:00 CEST 1984, address=[com.aymeric.medreport.model.Address@7e81c8b9], reports=[com.aymeric.medreport.model.Report@70462919]]
2020-08-25 16:05:59,789 DEBUG com.aymeric.medreport.controller.CustomerController [http-nio-8080-exec-7] Getting customer with the id: 1
2020-08-25 16:05:59,795 DEBUG com.aymeric.medreport.utils.CacheEventLogger [Ehcache [_default_]-1] Cache key: 1, Cache old value Customer [id=1, lastName=Durand, firstName=Jeanne, dateOfBirth=1988-05-14, address=[com.aymeric.medreport.model.Address@5c433cc4], reports=[]], Cache new value null
2020-08-25 16:05:59,797 DEBUG com.aymeric.medreport.service.CustomerService [http-nio-8080-exec-7] Customer found: Customer [id=1, lastName=Durand, firstName=Jeanne, dateOfBirth=1988-05-14, address=[com.aymeric.medreport.model.Address@54ad9ffb], reports=[]]
2020-08-25 16:05:59,799 DEBUG com.aymeric.medreport.utils.CacheEventLogger [Ehcache [_default_]-1] Cache key: 1, Cache old value null, Cache new value Customer [id=1, lastName=Durand, firstName=Jeanne, dateOfBirth=1988-05-14, address=[com.aymeric.medreport.model.Address@54ad9ffb], reports=[]]
2020-08-25 16:08:40,940 INFO org.springframework.boot.StartupInfoLogger [main] Starting MedreportApplication on DESKTOP-9AA1KRO with PID 6640 (C:\Users\Aymeric NEUMANN\Desktop\Groupe Mutuel\ReportManager\target\classes started by Aymeric NEUMANN in C:\Users\Aymeric NEUMANN\Desktop\Groupe Mutuel\ReportManager)
2020-08-25 16:08:40,941 DEBUG org.springframework.boot.StartupInfoLogger [main] Running with Spring Boot v2.3.3.RELEASE, Spring v5.2.8.RELEASE
2020-08-25 16:08:40,942 INFO org.springframework.boot.SpringApplication [main] No active profile set, falling back to default profiles: default
2020-08-25 16:08:44,451 INFO org.springframework.boot.StartupInfoLogger [main] Started MedreportApplication in 3.718 seconds (JVM running for 4.327)
2020-08-25 16:09:06,295 DEBUG com.aymeric.medreport.controller.CustomerController [http-nio-8080-exec-2] Getting customer with the id: 1
2020-08-25 16:09:06,347 DEBUG com.aymeric.medreport.service.CustomerService [http-nio-8080-exec-2] Customer found: Customer [id=1, lastName=Durand, firstName=Jeanne, dateOfBirth=1988-05-14, address=[com.aymeric.medreport.model.Address@7512f7bf], reports=[]]
2020-08-25 16:09:06,363 DEBUG com.aymeric.medreport.utils.CacheEventLogger [Ehcache [_default_]-0] Cache key: 1, Cache old value null, Cache new value Customer [id=1, lastName=Durand, firstName=Jeanne, dateOfBirth=1988-05-14, address=[com.aymeric.medreport.model.Address@7512f7bf], reports=[]]
2020-08-25 16:09:15,977 DEBUG com.aymeric.medreport.controller.ReportController [http-nio-8080-exec-4] Getting report with the id: 1
2020-08-25 16:09:55,377 DEBUG com.aymeric.medreport.controller.ReportController [http-nio-8080-exec-3] Getting report with the id: 1
2020-08-25 16:10:04,508 DEBUG com.aymeric.medreport.controller.CustomerController [http-nio-8080-exec-5] Getting customer with the id: 1
2020-08-25 16:10:04,518 DEBUG com.aymeric.medreport.utils.CacheEventLogger [Ehcache [_default_]-1] Cache key: 1, Cache old value Customer [id=1, lastName=Durand, firstName=Jeanne, dateOfBirth=1988-05-14, address=[com.aymeric.medreport.model.Address@68c06bcb], reports=[]], Cache new value null
2020-08-25 16:10:04,517 DEBUG com.aymeric.medreport.service.CustomerService [http-nio-8080-exec-5] Customer found: Customer [id=1, lastName=Durand, firstName=Jeanne, dateOfBirth=1988-05-14, address=[com.aymeric.medreport.model.Address@1a3b39cd], reports=[]]
2020-08-25 16:10:04,519 DEBUG com.aymeric.medreport.utils.CacheEventLogger [Ehcache [_default_]-1] Cache key: 1, Cache old value null, Cache new value Customer [id=1, lastName=Durand, firstName=Jeanne, dateOfBirth=1988-05-14, address=[com.aymeric.medreport.model.Address@1a3b39cd], reports=[]]
2020-08-25 16:11:49,668 INFO org.springframework.boot.StartupInfoLogger [main] Starting MedreportApplication on DESKTOP-9AA1KRO with PID 8556 (C:\Users\Aymeric NEUMANN\Desktop\Groupe Mutuel\ReportManager\target\classes started by Aymeric NEUMANN in C:\Users\Aymeric NEUMANN\Desktop\Groupe Mutuel\ReportManager)
2020-08-25 16:11:49,669 DEBUG org.springframework.boot.StartupInfoLogger [main] Running with Spring Boot v2.3.3.RELEASE, Spring v5.2.8.RELEASE
2020-08-25 16:11:49,669 INFO org.springframework.boot.SpringApplication [main] No active profile set, falling back to default profiles: default
2020-08-25 16:11:53,266 INFO org.springframework.boot.StartupInfoLogger [main] Started MedreportApplication in 3.81 seconds (JVM running for 4.43)
2020-08-25 16:12:00,427 DEBUG com.aymeric.medreport.controller.CustomerController [http-nio-8080-exec-2] Getting customer with the id: 1
2020-08-25 16:12:00,481 DEBUG com.aymeric.medreport.service.CustomerService [http-nio-8080-exec-2] Customer found: Customer [id=1, lastName=Durand, firstName=Jeanne, dateOfBirth=1988-05-14, address=[com.aymeric.medreport.model.Address@15c1621f], reports=[]]
2020-08-25 16:12:00,499 DEBUG com.aymeric.medreport.utils.CacheEventLogger [Ehcache [_default_]-0] Cache key: 1, Cache old value null, Cache new value Customer [id=1, lastName=Durand, firstName=Jeanne, dateOfBirth=1988-05-14, address=[com.aymeric.medreport.model.Address@15c1621f], reports=[]]
2020-08-25 16:12:00,522 DEBUG com.aymeric.medreport.controller.CustomerController [http-nio-8080-exec-2] Result: Customer [id=null, lastName=Durand, firstName=Jeanne, dateOfBirth=1988-05-14, address=[com.aymeric.medreport.model.Address@15c1621f], reports=[]]
2020-08-25 16:13:52,096 INFO org.springframework.boot.StartupInfoLogger [main] Starting MedreportApplication on DESKTOP-9AA1KRO with PID 12604 (C:\Users\Aymeric NEUMANN\Desktop\Groupe Mutuel\ReportManager\target\classes started by Aymeric NEUMANN in C:\Users\Aymeric NEUMANN\Desktop\Groupe Mutuel\ReportManager)
2020-08-25 16:13:52,096 DEBUG org.springframework.boot.StartupInfoLogger [main] Running with Spring Boot v2.3.3.RELEASE, Spring v5.2.8.RELEASE
2020-08-25 16:13:52,097 INFO org.springframework.boot.SpringApplication [main] No active profile set, falling back to default profiles: default
2020-08-25 16:13:55,889 INFO org.springframework.boot.StartupInfoLogger [main] Started MedreportApplication in 4.004 seconds (JVM running for 4.645)
2020-08-25 16:13:58,754 DEBUG com.aymeric.medreport.controller.CustomerController [http-nio-8080-exec-1] Getting customer with the id: 1
2020-08-25 16:13:58,809 DEBUG com.aymeric.medreport.service.CustomerService [http-nio-8080-exec-1] Customer found: Customer [id=1, lastName=Durand, firstName=Jeanne, dateOfBirth=1988-05-14, address=[com.aymeric.medreport.model.Address@7f4f5aeb], reports=[]]
2020-08-25 16:13:58,825 DEBUG com.aymeric.medreport.utils.CacheEventLogger [Ehcache [_default_]-0] Cache key: 1, Cache old value null, Cache new value Customer [id=1, lastName=Durand, firstName=Jeanne, dateOfBirth=1988-05-14, address=[com.aymeric.medreport.model.Address@7f4f5aeb], reports=[]]
2020-08-25 16:13:58,847 DEBUG com.aymeric.medreport.controller.CustomerController [http-nio-8080-exec-1] Result: Customer [id=1, lastName=Durand, firstName=Jeanne, dateOfBirth=1988-05-14, address=[com.aymeric.medreport.model.Address@7f4f5aeb], reports=[]]
2020-08-25 16:16:58,077 INFO org.springframework.boot.StartupInfoLogger [main] Starting MedreportApplication on DESKTOP-9AA1KRO with PID 15148 (C:\Users\Aymeric NEUMANN\Desktop\Groupe Mutuel\ReportManager\target\classes started by Aymeric NEUMANN in C:\Users\Aymeric NEUMANN\Desktop\Groupe Mutuel\ReportManager)
2020-08-25 16:16:58,078 DEBUG org.springframework.boot.StartupInfoLogger [main] Running with Spring Boot v2.3.3.RELEASE, Spring v5.2.8.RELEASE
2020-08-25 16:16:58,078 INFO org.springframework.boot.SpringApplication [main] No active profile set, falling back to default profiles: default
2020-08-25 16:17:01,709 INFO org.springframework.boot.StartupInfoLogger [main] Started MedreportApplication in 3.844 seconds (JVM running for 4.463)
2020-08-25 16:19:40,035 DEBUG com.aymeric.medreport.controller.CustomerController [http-nio-8080-exec-1] Getting customer with the id: 1
2020-08-25 16:19:40,089 DEBUG com.aymeric.medreport.service.CustomerService [http-nio-8080-exec-1] Customer found: Customer [id=1, lastName=Durand, firstName=Jeanne, dateOfBirth=1988-05-14, address=[com.aymeric.medreport.model.Address@75a9e5f7], reports=[com.aymeric.medreport.model.Report@5ac6d695]]
2020-08-25 16:19:40,106 DEBUG com.aymeric.medreport.utils.CacheEventLogger [Ehcache [_default_]-0] Cache key: 1, Cache old value null, Cache new value Customer [id=1, lastName=Durand, firstName=Jeanne, dateOfBirth=1988-05-14, address=[com.aymeric.medreport.model.Address@75a9e5f7], reports=[com.aymeric.medreport.model.Report@5ac6d695]]
2020-08-25 16:19:40,129 DEBUG com.aymeric.medreport.controller.CustomerController [http-nio-8080-exec-1] Result: Customer [id=1, lastName=Durand, firstName=Jeanne, dateOfBirth=1988-05-14, address=[com.aymeric.medreport.model.Address@75a9e5f7], reports=[com.aymeric.medreport.model.Report@5ac6d695]]
